10:08:40.130 > ...........
10:08:45.904 > Connected, IP address: 192.168.1.45
10:08:45.907 > {
10:08:45.962 >   "Ip": "192.168.1.45",
10:08:45.962 >   "Humidity": 0,
10:08:45.964 >   "NeedWater": false,
10:08:45.967 >   "Threshhold": 120
10:08:45.967 > }
10:08:45.967 > -1
10:08:45.969 > routing
10:08:45.970 > 8.15
10:08:46.077 > {
10:08:46.077 >   "Ip": "192.168.1.45",
10:08:46.080 >   "Humidity": 8,
10:08:46.080 >   "NeedWater": true,
10:08:46.082 >   "Threshhold": 120
10:08:46.082 > }
10:08:46.084 > 8.07
10:08:51.209 > {
10:08:51.209 >   "Ip": "192.168.1.45",
10:08:51.212 >   "Humidity": 8,
10:08:51.212 >   "NeedWater": true,
10:08:51.214 >   "Threshhold": 120
10:08:51.214 > }
10:08:51.216 > 
10:08:56.307 > Exception (9):
10:08:56.308 > epc1=0x40104f04 epc2=0x00000000 epc3=0x00000000 excvaddr=0x00000003 depc=0x00000000
10:08:56.316 > 
10:08:56.316 > >>>stack>>>
10:08:56.316 > 
10:08:56.316 > ctx: sys
10:08:56.316 > sp: 3fffeb30 end: 3fffffb0 offset: 01a0
10:08:56.322 > 3fffecd0:  40105135 004fec96 3ffeec54 00000000  
10:08:56.324 > 3fffece0:  3ffee4b0 3ffeec54 00100010 00100010  
10:08:56.330 > 3fffecf0:  00000000 004feb5e 4020a158 00000001  
10:08:56.333 > 3fffed00:  3ffeec54 3fff0b65 00000002 4020874c  
10:08:56.339 > 3fffed10:  00000003 41100000 00000063 40201dff  
10:08:56.342 > 3fffed20:  00594e00 3fff086c 3fff086c 40202148  
10:08:56.348 > 3fffed30:  3fff0b65 3fffed50 00000001 4020874c  
10:08:56.351 > 3fffed40:  00594e00 3fff086c 3fff086c 4020556c  
10:08:56.356 > 3fffed50:  00594e00 3fff086c 402021b4 40206505  
10:08:56.360 > 3fffed60:  3fff087c 3fff086c 3fff00bc 40206994  
10:08:56.365 > 3fffed70:  80210079 00000001 3fff08a0 00000002  
10:08:56.368 > 3fffed80:  3fff0b65 3fff02f4 3fff086c 40205691  
10:08:56.374 > 3fffed90:  2d01a8c0 00000050 00000000 00000002  
10:08:56.377 > 3fffeda0:  3fff0b65 00000002 3fff08a0 40209724  
10:08:56.382 > 3fffedb0:  3fff0b65 00000246 00000005 00000002  
10:08:56.388 > 3fffedc0:  3fff0b65 00000002 3fff086c 402058d8  
10:08:56.391 > 3fffedd0:  4010204f 3ffecc08 00000020 40100993  
10:08:56.397 > 3fffede0:  00000000 4bc6a7f0 00004190 3fff09b4  
10:08:56.400 > 3fffedf0:  3fff08a0 00000000 4bc6a7f0 00000000  
10:08:56.405 > 3fffee00:  00007fff 010017c0 40100282 3fff09b4  
10:08:56.408 > 3fffee10:  00000000 3fffee60 3fff0784 40205931  
10:08:56.414 > 3fffee20:  00000000 3fffee60 3fff0784 4020bba2  
10:08:56.417 > 3fffee30:  3fff0674 00000000 0000001f 010017c0  
10:08:56.423 > 3fffee40:  3ffe000a 2c9f0300 4000050c 3fff0674  
10:08:56.426 > 3fffee50:  3fff09b4 00000000 3fff0784 4020bd4e  
10:08:56.432 > 3fffee60:  3fff010c 3fff0584 00000017 3ffeef2c  
10:08:56.435 > 3fffee70:  3ffef09c 3ffef198 3fff09b4 3ffeef2c  
10:08:56.441 > 3fffee80:  3fff0674 3ffeef10 3ffeef11 40216ca4  
10:08:56.444 > 3fffee90:  00001800 00000000 00000020 401009ca  
10:08:56.449 > 3fffeea0:  3ffef09c 2d01a8c0 3ffeebf8 3ffefb0c  
10:08:56.455 > 3fffeeb0:  00000000 00000000 00000020 3ffef198  
10:08:56.458 > 3fffeec0:  3ffef09c 3fff09d2 3fff09b4 4021c70e  
10:08:56.464 > 3fffeed0:  00000014 3ffef09c 000001a3 3ffefb0c  
10:08:56.467 > 3fffeee0:  00000000 3ffefa7c 00000020 40100993  
10:08:56.472 > 3fffeef0:  4022e8f4 3fff05c4 3ffefa7c 3ffefb0c  
10:08:56.475 > 3fffef00:  00000008 3ffef09c 3fff09b4 40213775  
10:08:56.481 > 3fffef10:  3fffdc80 3ffefa7c 3fff05c4 40213598  
10:08:56.484 > 3fffef20:  40238da2 3ffefa7c 3fff05c4 40238db3  
10:08:56.490 > 3fffef30:  3fff09c4 3fff09b4 00000000 3ffe8530  
10:08:56.493 > 3fffef40:  4022e51f 00000000 3fff05c4 402345b7  
10:08:56.499 > 3fffef50:  40000f49 3fffdab0 3fffdab0 40000f49  
10:08:56.502 > 3fffef60:  40000e19 40001878 00000002 00000000  
10:08:56.507 > 3fffef70:  3fffff10 aa55aa55 000000d5 40104851  
10:08:56.511 > 3fffef80:  40104857 00000002 00000000 0000390b  
10:08:56.516 > 3fffef90:  4010000d 05000200 0000000b 00000000  
10:08:56.519 > 3fffefa0:  4022d400 3fffef3c 4022d3b1 3ffffe28  
10:08:56.525 > 3fffefb0:  3fffffc0 00000000 00000000 feefeffe  
10:08:56.531 > 3fffefc0:  feefeffe feefeffe feefeffe feefeffe  
10:08:56.534 > 3fffefd0:  feefeffe feefeffe feefeffe feefeffe  
10:08:56.540 > 3fffefe0:  feefeffe feefeffe feefeffe feefeffe  
10:08:56.543 > 3fffeff0:  feefeffe feefeffe feefeffe feefeffe  
10:08:56.549 > 3ffff000:  feefeffe feefeffe feefeffe feefeffe  
10:08:56.552 > 3ffff010:  feefeffe feefeffe feefeffe feefeffe  
10:08:56.557 > 3ffff020:  feefeffe feefeffe feefeffe feefeffe  
10:08:56.561 > 3ffff030:  feefeffe feefeffe feefeffe feefeffe  
10:08:56.566 > 3ffff040:  feefeffe feefeffe feefeffe feefeffe  
10:08:56.570 > 3ffff050:  feefeffe feefeffe feefeffe feefeffe  
10:08:56.576 > 3ffff060:  feefeffe feefeffe feefeffe feefeffe  
10:08:56.579 > 3ffff070:  feefeffe feefeffe feefeffe feefeffe  
10:08:56.584 > 3ffff080:  feefeffe feefeffe feefeffe feefeffe  
10:08:56.587 > 3ffff090:  feefeffe feefeffe feefeffe feefeffe  
10:08:56.593 > 3ffff0a0:  feefeffe feefeffe feefeffe feefeffe  
10:08:56.599 > 3ffff0b0:  feefeffe feefeffe feefeffe feefeffe  
10:08:56.602 > 3ffff0c0:  feefeffe feefeffe feefeffe feefeffe  
10:08:56.608 > 3ffff0d0:  feefeffe feefeffe feefeffe feefeffe  
10:08:56.611 > 3ffff0e0:  feefeffe feefeffe feefeffe feefeffe  
10:08:56.617 > 3ffff0f0:  feefeffe feefeffe feefeffe feefeffe  
10:08:56.620 > 3ffff100:  feefeffe feefeffe feefeffe feefeffe  
10:08:56.626 > 3ffff110:  feefeffe feefeffe feefeffe feefeffe  
10:08:56.629 > 3ffff120:  feefeffe feefeffe feefeffe feefeffe  
10:08:56.635 > 3ffff130:  feefeffe feefeffe feefeffe feefeffe  
10:08:56.638 > 3ffff140:  feefeffe feefeffe feefeffe feefeffe  
10:08:56.644 > 3ffff150:  feefeffe feefeffe feefeffe feefeffe  
10:08:56.647 > 3ffff160:  feefeffe feefeffe feefeffe feefeffe  
10:08:56.653 > 3ffff170:  feefeffe feefeffe feefeffe feefeffe  
10:08:56.656 > 3ffff180:  feefeffe feefeffe feefeffe feefeffe  
10:08:56.662 > 3ffff190:  feefeffe feefeffe feefeffe feefeffe  
10:08:56.664 > 3ffff1a0:  feefeffe feefeffe feefeffe feefeffe  
10:08:56.670 > 3ffff1b0:  feefeffe feefeffe feefeffe feefeffe  
10:08:56.676 > 3ffff1c0:  feefeffe feefeffe feefeffe feefeffe  
10:08:56.679 > 3ffff1d0:  feefeffe feefeffe feefeffe feefeffe  
10:08:56.685 > 3ffff1e0:  feefeffe feefeffe feefeffe feefeffe  
10:08:56.688 > 3ffff1f0:  feefeffe feefeffe feefeffe feefeffe  
10:08:56.694 > 3ffff200:  feefeffe feefeffe feefeffe feefeffe  
10:08:56.697 > 3ffff210:  feefeffe feefeffe feefeffe feefeffe  
10:08:56.703 > 3ffff220:  feefeffe feefeffe feefeffe feefeffe  
10:08:56.706 > 3ffff230:  feefeffe feefeffe feefeffe feefeffe  
10:08:56.712 > 3ffff240:  feefeffe feefeffe feefeffe feefeffe  
10:08:56.715 > 3ffff250:  feefeffe feefeffe feefeffe feefeffe  
10:08:56.721 > 3ffff260:  feefeffe feefeffe feefeffe feefeffe  
10:08:56.724 > 3ffff270:  feefeffe feefeffe feefeffe feefeffe  
10:08:56.730 > 3ffff280:  feefeffe feefeffe feefeffe feefeffe  
10:08:56.733 > 3ffff290:  feefeffe feefeffe feefeffe feefeffe  
10:08:56.739 > 3ffff2a0:  feefeffe feefeffe feefeffe feefeffe  
10:08:56.744 > 3ffff2b0:  feefeffe feefeffe feefeffe feefeffe  
10:08:56.747 > 3ffff2c0:  feefeffe feefeffe feefeffe feefeffe  
10:08:56.753 > 3ffff2d0:  feefeffe feefeffe feefeffe feefeffe  
10:08:56.756 > 3ffff2e0:  feefeffe feefeffe feefeffe feefeffe  
10:08:56.762 > 3ffff2f0:  feefeffe feefeffe feefeffe feefeffe  
10:08:56.765 > 3ffff300:  feefeffe feefeffe feefeffe feefeffe  
10:08:56.771 > 3ffff310:  feefeffe feefeffe feefeffe feefeffe  
10:08:56.774 > 3ffff320:  feefeffe feefeffe feefeffe feefeffe  
10:08:56.780 > 3ffff330:  feefeffe feefeffe feefeffe feefeffe  
10:08:56.783 > 3ffff340:  feefeffe feefeffe feefeffe feefeffe  
10:08:56.789 > 3ffff350:  feefeffe feefeffe feefeffe feefeffe  
10:08:56.793 > 3ffff360:  feefeffe feefeffe feefeffe feefeffe  
10:08:56.798 > 3ffff370:  feefeffe feefeffe feefeffe feefeffe  
10:08:56.801 > 3ffff380:  feefeffe feefeffe feefeffe feefeffe  
10:08:56.807 > 3ffff390:  feefeffe feefeffe feefeffe feefeffe  
10:08:56.810 > 3ffff3a0:  feefeffe feefeffe feefeffe feefeffe  
10:08:56.817 > 3ffff3b0:  feefeffe feefeffe feefeffe feefeffe  
10:08:56.822 > 3ffff3c0:  feefeffe feefeffe feefeffe feefeffe  
10:08:56.825 > 3ffff3d0:  feefeffe feefeffe feefeffe feefeffe  
10:08:56.830 > 3ffff3e0:  feefeffe feefeffe feefeffe feefeffe  
10:08:56.834 > 3ffff3f0:  feefeffe feefeffe feefeffe feefeffe  
10:08:56.839 > 3ffff400:  feefeffe feefeffe feefeffe feefeffe  
10:08:56.843 > 3ffff410:  feefeffe feefeffe feefeffe feefeffe  
10:08:56.848 > 3ffff420:  feefeffe feefeffe feefeffe feefeffe  
10:08:56.851 > 3ffff430:  feefeffe feefeffe feefeffe feefeffe  
10:08:56.857 > 3ffff440:  feefeffe feefeffe feefeffe feefeffe  
10:08:56.860 > 3ffff450:  feefeffe feefeffe feefeffe feefeffe  
10:08:56.866 > 3ffff460:  feefeffe feefeffe feefeffe feefeffe  
10:08:56.869 > 3ffff470:  feefeffe feefeffe feefeffe feefeffe  
10:08:56.875 > 3ffff480:  feefeffe feefeffe feefeffe feefeffe  
10:08:56.878 > 3ffff490:  feefeffe feefeffe feefeffe feefeffe  
10:08:56.884 > 3ffff4a0:  feefeffe feefeffe feefeffe feefeffe  
10:08:56.890 > 3ffff4b0:  feefeffe feefeffe feefeffe feefeffe  
10:08:56.893 > 3ffff4c0:  feefeffe feefeffe feefeffe feefeffe  
10:08:56.899 > 3ffff4d0:  feefeffe feefeffe feefeffe feefeffe  
10:08:56.902 > 3ffff4e0:  feefeffe feefeffe feefeffe feefeffe  
10:08:56.908 > 3ffff4f0:  feefeffe feefeffe feefeffe feefeffe  
10:08:56.911 > 3ffff500:  feefeffe feefeffe feefeffe feefeffe  
10:08:56.917 > 3ffff510:  feefeffe feefeffe feefeffe feefeffe  
10:08:56.920 > 3ffff520:  feefeffe feefeffe feefeffe feefeffe  
10:08:56.925 > 3ffff530:  feefeffe feefeffe feefeffe feefeffe  
10:08:56.929 > 3ffff540:  feefeffe feefeffe feefeffe feefeffe  
10:08:56.934 > 3ffff550:  feefeffe feefeffe feefeffe feefeffe  
10:08:56.938 > 3ffff560:  feefeffe feefeffe feefeffe feefeffe  
10:08:56.943 > 3ffff570:  feefeffe feefeffe feefeffe feefeffe  
10:08:56.946 > 3ffff580:  feefeffe feefeffe feefeffe feefeffe  
10:08:56.952 > 3ffff590:  feefeffe feefeffe feefeffe feefeffe  
10:08:56.955 > 3ffff5a0:  feefeffe feefeffe feefeffe feefeffe  
10:08:56.961 > 3ffff5b0:  feefeffe feefeffe feefeffe feefeffe  
10:08:56.967 > 3ffff5c0:  feefeffe feefeffe feefeffe feefeffe  
10:08:56.970 > 3ffff5d0:  feefeffe feefeffe feefeffe feefeffe  
10:08:56.976 > 3ffff5e0:  feefeffe feefeffe feefeffe feefeffe  
10:08:56.979 > 3ffff5f0:  feefeffe feefeffe feefeffe feefeffe  
10:08:56.985 > 3ffff600:  feefeffe feefeffe feefeffe feefeffe  
10:08:56.988 > 3ffff610:  feefeffe feefeffe feefeffe feefeffe  
10:08:56.994 > 3ffff620:  feefeffe feefeffe feefeffe feefeffe  
10:08:56.997 > 3ffff630:  feefeffe feefeffe feefeffe feefeffe  
10:08:57.003 > 3ffff640:  feefeffe feefeffe feefeffe feefeffe  
10:08:57.006 > 3ffff650:  feefeffe feefeffe feefeffe feefeffe  
10:08:57.012 > 3ffff660:  feefeffe feefeffe feefeffe feefeffe  
10:08:57.015 > 3ffff670:  feefeffe feefeffe feefeffe feefeffe  
10:08:57.021 > 3ffff680:  feefeffe feefeffe feefeffe feefeffe  
10:08:57.023 > 3ffff690:  feefeffe feefeffe feefeffe feefeffe  
10:08:57.029 > 3ffff6a0:  feefeffe feefeffe feefeffe feefeffe  
10:08:57.035 > 3ffff6b0:  feefeffe feefeffe feefeffe feefeffe  
10:08:57.038 > 3ffff6c0:  feefeffe feefeffe feefeffe feefeffe  
10:08:57.044 > 3ffff6d0:  feefeffe feefeffe feefeffe feefeffe  
10:08:57.048 > 3ffff6e0:  feefeffe feefeffe feefeffe feefeffe  
10:08:57.053 > 3ffff6f0:  feefeffe feefeffe feefeffe feefeffe  
10:08:57.056 > 3ffff700:  feefeffe feefeffe feefeffe feefeffe  
10:08:57.062 > 3ffff710:  feefeffe feefeffe feefeffe feefeffe  
10:08:57.065 > 3ffff720:  feefeffe feefeffe feefeffe feefeffe  
10:08:57.071 > 3ffff730:  feefeffe feefeffe feefeffe feefeffe  
10:08:57.074 > 3ffff740:  feefeffe feefeffe feefeffe feefeffe  
10:08:57.080 > 3ffff750:  feefeffe feefeffe feefeffe feefeffe  
10:08:57.083 > 3ffff760:  feefeffe feefeffe feefeffe feefeffe  
10:08:57.089 > 3ffff770:  feefeffe feefeffe feefeffe feefeffe  
10:08:57.092 > 3ffff780:  feefeffe feefeffe feefeffe feefeffe  
10:08:57.098 > 3ffff790:  feefeffe feefeffe feefeffe feefeffe  
10:08:57.101 > 3ffff7a0:  feefeffe feefeffe feefeffe feefeffe  
10:08:57.107 > 3ffff7b0:  feefeffe feefeffe feefeffe feefeffe  
10:08:57.113 > 3ffff7c0:  feefeffe feefeffe feefeffe feefeffe  
10:08:57.116 > 3ffff7d0:  feefeffe feefeffe feefeffe feefeffe  
10:08:57.121 > 3ffff7e0:  feefeffe feefeffe feefeffe feefeffe  
10:08:57.124 > 3ffff7f0:  feefeffe feefeffe feefeffe feefeffe  
10:08:57.130 > 3ffff800:  feefeffe feefeffe feefeffe feefeffe  
10:08:57.133 > 3ffff810:  feefeffe feefeffe feefeffe feefeffe  
10:08:57.139 > 3ffff820:  feefeffe feefeffe feefeffe feefeffe  
10:08:57.142 > 3ffff830:  feefeffe feefeffe feefeffe feefeffe  
10:08:57.148 > 3ffff840:  feefeffe feefeffe feefeffe feefeffe  
10:08:57.151 > 3ffff850:  feefeffe feefeffe feefeffe feefeffe  
10:08:57.157 > 3ffff860:  feefeffe feefeffe feefeffe feefeffe  
10:08:57.160 > 3ffff870:  feefeffe feefeffe feefeffe feefeffe  
10:08:57.166 > 3ffff880:  feefeffe feefeffe feefeffe feefeffe  
10:08:57.169 > 3ffff890:  feefeffe feefeffe feefeffe feefeffe  
10:08:57.175 > 3ffff8a0:  feefeffe feefeffe feefeffe feefeffe  
10:08:57.181 > 3ffff8b0:  feefeffe feefeffe feefeffe feefeffe  
10:08:57.184 > 3ffff8c0:  feefeffe feefeffe feefeffe feefeffe  
10:08:57.190 > 3ffff8d0:  feefeffe feefeffe feefeffe feefeffe  
10:08:57.193 > 3ffff8e0:  feefeffe feefeffe feefeffe feefeffe  
10:08:57.198 > 3ffff8f0:  feefeffe feefeffe feefeffe feefeffe  
10:08:57.202 > 3ffff900:  feefeffe feefeffe feefeffe feefeffe  
10:08:57.207 > 3ffff910:  feefeffe feefeffe feefeffe feefeffe  
10:08:57.211 > 3ffff920:  feefeffe feefeffe feefeffe feefeffe  
10:08:57.216 > 3ffff930:  feefeffe feefeffe feefeffe feefeffe  
10:08:57.219 > 3ffff940:  feefeffe feefeffe feefeffe feefeffe  
10:08:57.225 > 3ffff950:  feefeffe feefeffe feefeffe feefeffe  
10:08:57.228 > 3ffff960:  feefeffe feefeffe feefeffe feefeffe  
10:08:57.234 > 3ffff970:  feefeffe feefeffe feefeffe feefeffe  
10:08:57.237 > 3ffff980:  feefeffe feefeffe feefeffe feefeffe  
10:08:57.243 > 3ffff990:  feefeffe feefeffe feefeffe feefeffe  
10:08:57.246 > 3ffff9a0:  feefeffe feefeffe feefeffe feefeffe  
10:08:57.252 > 3ffff9b0:  feefeffe feefeffe feefeffe feefeffe  
10:08:57.258 > 3ffff9c0:  feefeffe feefeffe feefeffe feefeffe  
10:08:57.261 > 3ffff9d0:  feefeffe feefeffe feefeffe feefeffe  
10:08:57.267 > 3ffff9e0:  feefeffe feefeffe feefeffe feefeffe  
10:08:57.270 > 3ffff9f0:  feefeffe feefeffe feefeffe feefeffe  
10:08:57.276 > 3ffffa00:  feefeffe feefeffe feefeffe feefeffe  
10:08:57.279 > 3ffffa10:  feefeffe feefeffe feefeffe feefeffe  
10:08:57.285 > 3ffffa20:  feefeffe feefeffe feefeffe feefeffe  
10:08:57.288 > 3ffffa30:  feefeffe feefeffe feefeffe feefeffe  
10:08:57.294 > 3ffffa40:  feefeffe feefeffe feefeffe feefeffe  
10:08:57.296 > 3ffffa50:  00000005 00000000 00000020 401001e0  
10:08:57.302 > 3ffffa60:  00001030 00000206 00000206 40100708  
10:08:57.305 > 3ffffa70:  00001220 00000244 00000244 40100708  
10:08:57.311 > 3ffffa80:  ffffffff 00000000 3ffe92f1 00000009  
10:08:57.314 > 3ffffa90:  00000020 3fff0584 3fff03d4 40100bc0  
10:08:57.319 > 3ffffaa0:  00000020 00000024 00000020 0000000c  
10:08:57.325 > 3ffffab0:  00000005 00000007 00000000 40100a11  
10:08:57.328 > 3ffffac0:  3ffe91a2 4022e787 3ffec910 0000001f  
10:08:57.334 > 3ffffad0:  0000001f 00000040 3fffff10 402087b6  
10:08:57.337 > 3ffffae0:  00000000 00000002 4022f67b 00000001  
10:08:57.342 > 3ffffaf0:  ffffffff 00000000 3ffe92f1 00000008  
10:08:57.345 > 3ffffb00:  4022f6ca 3ffec938 3ffef2ec 00000001  
10:08:57.351 > 3ffffb10:  00000002 00000000 00000020 401001e0  
10:08:57.354 > 3ffffb20:  00000005 00000005 00000002 401014b4  
10:08:57.360 > 3ffffb30:  3ffe91a2 4022e787 3ffec938 00000020  
10:08:57.362 > 3ffffb40:  00000000 40221d23 3ffeddc8 3ffef2ec  
10:08:57.368 > 3ffffb50:  00000000 00000002 00000000 3ffec938  
10:08:57.371 > 3ffffb60:  3fff086a 40104d9b 3fff04cc 3ffeece8  
10:08:57.377 > 3ffffb70:  3ffefa7c 3ffffb92 00000000 3ffffc20  
10:08:57.380 > 3ffffb80:  3ffffba3 40213159 3fff04cc 3ffeece8  
10:08:57.386 > 3ffffb90:  0000001c 0000005a 3fffff10 402088cb  
10:08:57.388 > 3ffffba0:  0000005a 3fff3032 3ffffc20 00000000  
10:08:57.394 > 3ffffbb0:  3ffef0d4 3ffef09c 3fff0834 402133e6  
10:08:57.400 > 3ffffbc0:  00000001 3ffef09c 3fff0834 40213800  
10:08:57.403 > 3ffffbd0:  3ffeef64 3ffffc20 3ffffc20 3ffffe70  
10:08:57.409 > 3ffffbe0:  ffffff80 3ffffcb0 3fffff10 3ffeef68  
10:08:57.412 > 3ffffbf0:  3ffef0d4 00000000 3ffef09c 4021af2c  
10:08:57.418 > 3ffffc00:  00000050 00000001 3ffffc20 40201030  
10:08:57.421 > 3ffffc10:  00000000 3fff0834 0000005a 4020193c  
10:08:57.426 > 3ffffc20:  3fffff10 2c657572 20200a0d 3fff0834  
10:08:57.429 > 3ffffc30:  3fff0834 3fff0778 3ffef09c 4021b180  
10:08:57.435 > 3ffffc40:  3ffe0000 00000000 00007d0a 4020ac0d  
10:08:57.438 > 3ffffc50:  3fff0878 3fff0778 3ffef09c 4021c970  
10:08:57.444 > 3ffffc60:  40207ca0 3ffeeb7c 00000000 00000000  
10:08:57.447 > 3ffffc70:  00000020 401001e0 000000ff 00000000  
10:08:57.453 > 3ffffc80:  00000000 401014b4 3ffe91a0 40104753  
10:08:57.456 > 3ffffc90:  3ffeca50 40208b00 00000001 4010392e  
10:08:57.462 > 3ffffca0:  3ffed320 3ffef09c 40103d9f 4021c9b8  
10:08:57.467 > 3ffffcb0:  3ffef09c 00000000 00000000 3ffef09c  
10:08:57.470 > 3ffffcc0:  00000000 4bc6a7f0 40103867 00000016  
10:08:57.476 > 3ffffcd0:  00000000 00040000 00000000 4021d577  
10:08:57.480 > 3ffffce0:  00001560 000002ac 4010272c 00080000  
10:08:57.485 > 3ffffcf0:  3ffef09c 2c9f0300 4000050c 3fffc278  
10:08:57.488 > 3ffffd00:  40102414 3fffc200 00000022 2c9f0300  
10:08:57.493 > 3ffffd10:  402416ee 00000030 00000017 ffffffff  
10:08:57.496 > 3ffffd20:  00000001 80000002 00000002 fffff000  
10:08:57.502 > 3ffffd30:  60009a00 3ff20a00 3ffee990 00000003  
10:08:57.505 > 3ffffd40:  00000009 3fffc6fc 00000001 00000004  
10:08:57.511 > 3ffffd50:  43ed8000 41011eb8 3ffeebf8 00000030  
10:08:57.513 > 3ffffd60:  00000001 3ffe8530 00000000 3fffdad0  
10:08:57.519 > 3ffffd70:  3ffeebf8 00000030 3ffffea8 3ffe887b  
10:08:57.522 > 3ffffd80:  00000000 40206bff 00000020 3ffe887b  
10:08:57.528 > 3ffffd90:  4020378c 00002328 3fff06dc 40202e41  
10:08:57.531 > 3ffffda0:  4020cd30 2901a8c0 4020cd30 2901a8c0  
10:08:57.537 > 3ffffdb0:  3fff01e4 00000000 3ffffdd0 40206bff  
10:08:57.543 > 3ffffdc0:  3fff06dc 3ffffe7c 3ffffe70 40206f51  
10:08:57.546 > 3ffffdd0:  00001248 00000249 00000249 40100708  
10:08:57.551 > 3ffffde0:  4024148d 00000004 44038000 3ffeebf8  
10:08:57.554 > 3ffffdf0:  40104eb1 004fe81f 44038000 41011eb8  
10:08:57.560 > 3ffffe00:  40104f5e 3ffedc34 004fe81f 00000000  
10:08:57.563 > 3ffffe10:  40105135 004fe81f 3ffeec54 00000000  
10:08:57.569 > 3ffffe20:  3ffee4b0 3ffeec54 00000001 3ffeec54  
10:08:57.572 > 3ffffe30:  41011eb8 3ffeebf8 402099b0 3fffefa0  
10:08:57.578 > 3ffffe40:  3ffeec54 41011eb8 3ffeebf8 4020a166  
10:08:57.581 > 3ffffe50:  4020a171 44058000 00000022 40201dff  
10:08:57.587 > 3ffffe60:  41011eb8 3fffff90 3fffff30 40201fb9  
10:08:57.589 > 3ffffe70:  00000000 00000000 3fff06dc 3fff0100  
10:08:57.595 > 3ffffe80:  000c000f 80000020 3f012328 40001388  
10:08:57.598 > 3ffffe90:  3fff0700 0011001f 80feeac8 70747400  
10:08:57.604 > 3ffffea0:  00000000 80ff0674 3fff0700 0020002f  
10:08:57.610 > 3ffffeb0:  80000e88 3fff0300 0011001f 80feebf8  
10:08:57.613 > 3ffffec0:  3fff0000 00000018 80ffff30 00000000  
10:08:57.618 > 3ffffed0:  00000000 00000000 ffffffff 00000000  
10:08:57.621 > 3ffffee0:  4020000a 00000000 3fffff30 80208914  
10:08:57.627 > 3ffffef0:  00000000 00000000 3fff0500 0010001f  
10:08:57.630 > 3fffff00:  80ffdad0 3fff0500 000c000f 80208b30  
10:08:57.636 > 3fffff10:  3fff0600 005a005f 80202220 40201d29  
10:08:57.639 > 3fffff20:  3fffdad0 00000000 3ffeeb7c 40201da5  
10:08:57.645 > 3fffff30:  3fff0094 0018001f 00efeffe 3fff0000  
10:08:57.648 > 3fffff40:  000c000f 80efeffe 3fff0100 000c000f  
10:08:57.653 > 3fffff50:  80efeffe 3fff0000 0018001f 80efeffe  
10:08:57.656 > 3fffff60:  79616873 00326e61 87efeffe 3fff011c  
10:08:57.662 > 3fffff70:  000c000f 00efeffe 3fff0404 000c000f  
10:08:57.665 > 3fffff80:  00efeffe 3fff0014 0018001f 00efeffe  
10:08:57.671 > 3fffff90:  3fff003c 000c000f 00efeffe feefeffe  
10:08:57.674 > 3fffffa0:  feefeffe feefeffe 3ffeebb8 40209ac0  
10:08:57.681 > <<<stack<<<
10:08:57.681 > 
10:08:57.692 >  ets Jan  8 2013,rst cause:2, boot mode:(3,6)
10:08:57.695 > 
10:08:57.695 > load 0x4010f000, len 1392, room 16 
10:08:57.699 > tail 0
10:08:57.699 > chksum 0xd0
10:08:57.702 > csum 0xd0
10:08:57.702 > v3d128e5c
10:08:57.705 > ~ld
10:08:57.705 > 
10:08:57.768 > Connecting.....
10:09:00.273 > Connected, IP address: 192.168.1.45
10:09:00.276 > {
10:09:00.390 >   "Ip": "192.168.1.45",
10:09:00.390 >   "Humidity": 0,
10:09:00.392 >   "NeedWater": false,
10:09:00.395 >   "Threshhold": 120
10:09:00.395 > }
10:09:00.395 > -1
10:09:00.398 > routing
10:09:00.398 > 8.18
10:09:00.506 > {
10:09:00.506 >   "Ip": "192.168.1.45",
10:09:00.508 >   "Humidity": 8,
10:09:00.508 >   "NeedWater": true,
10:09:00.511 >   "Threshhold": 120
10:09:00.511 > }
10:09:00.513 > 8.00
10:09:00.661 > 
10:09:00.665 > Exception (9):
10:09:00.665 > epc1=0x40104fa9 epc2=0x00000000 epc3=0x00000000 excvaddr=0xffffffff depc=0x00000000
10:09:00.673 > 
10:09:00.673 > >>>stack>>>
10:09:00.673 > 
10:09:00.673 > ctx: sys
10:09:00.673 > sp: 3fffed50 end: 3fffffb0 offset: 01a0
10:09:00.679 > 3fffeef0:  4022e0de 3ffe8fb4 3ffefa7c 00000100  
10:09:00.682 > 3fffef00:  4022e1e0 3ffe8fb4 3ffee4b0 002d316e  
10:09:00.687 > 3fffef10:  3ffec938 40101096 00000000 00000005  
10:09:00.691 > 3fffef20:  40234975 40100e2c 00000002 00000000  
10:09:00.697 > 3fffef30:  402349ba 3fffdab0 00000000 3fffdcb0  
10:09:00.699 > 3fffef40:  3ffee4c0 3fffdab0 00000000 402345b7  
10:09:00.705 > 3fffef50:  40000f49 40000f49 3fffdab0 40000f49  
10:09:00.708 > 3fffef60:  40000e19 40001878 00000002 3fffffb0  
10:09:00.714 > 3fffef70:  3fffff10 aa55aa55 000000d5 40104851  
10:09:00.717 > 3fffef80:  40104857 00000002 3fffffb0 0000390b  
10:09:00.722 > 3fffef90:  4010000d 05000200 0000000b 00000000  
10:09:00.725 > 3fffefa0:  4022d400 3fffef3c 4022d3b1 3ffffe38  
10:09:00.731 > 3fffefb0:  3fffffc0 00000000 00000000 feefeffe  
10:09:00.734 > 3fffefc0:  feefeffe feefeffe feefeffe feefeffe  
10:09:00.740 > 3fffefd0:  feefeffe feefeffe feefeffe feefeffe  
10:09:00.746 > 3fffefe0:  feefeffe feefeffe feefeffe feefeffe  
10:09:00.749 > 3fffeff0:  feefeffe feefeffe feefeffe feefeffe  
10:09:00.755 > 3ffff000:  feefeffe feefeffe feefeffe feefeffe  
10:09:00.758 > 3ffff010:  feefeffe feefeffe feefeffe feefeffe  
10:09:00.764 > 3ffff020:  feefeffe feefeffe feefeffe feefeffe  
10:09:00.767 > 3ffff030:  feefeffe feefeffe feefeffe feefeffe  
10:09:00.773 > 3ffff040:  feefeffe feefeffe feefeffe feefeffe  
10:09:00.776 > 3ffff050:  feefeffe feefeffe feefeffe feefeffe  
10:09:00.782 > 3ffff060:  feefeffe feefeffe feefeffe feefeffe  
10:09:00.785 > 3ffff070:  feefeffe feefeffe feefeffe feefeffe  
10:09:00.790 > 3ffff080:  feefeffe feefeffe feefeffe feefeffe  
10:09:00.794 > 3ffff090:  feefeffe feefeffe feefeffe feefeffe  
10:09:00.799 > 3ffff0a0:  feefeffe feefeffe feefeffe feefeffe  
10:09:00.803 > 3ffff0b0:  feefeffe feefeffe feefeffe feefeffe  
10:09:00.808 > 3ffff0c0:  feefeffe feefeffe feefeffe feefeffe  
10:09:00.814 > 3ffff0d0:  feefeffe feefeffe feefeffe feefeffe  
10:09:00.817 > 3ffff0e0:  feefeffe feefeffe feefeffe feefeffe  
10:09:00.823 > 3ffff0f0:  feefeffe feefeffe feefeffe feefeffe  
10:09:00.826 > 3ffff100:  feefeffe feefeffe feefeffe feefeffe  
10:09:00.832 > 3ffff110:  feefeffe feefeffe feefeffe feefeffe  
10:09:00.835 > 3ffff120:  feefeffe feefeffe feefeffe feefeffe  
10:09:00.841 > 3ffff130:  feefeffe feefeffe feefeffe feefeffe  
10:09:00.844 > 3ffff140:  feefeffe feefeffe feefeffe feefeffe  
10:09:00.850 > 3ffff150:  feefeffe feefeffe feefeffe feefeffe  
10:09:00.853 > 3ffff160:  feefeffe feefeffe feefeffe feefeffe  
10:09:00.859 > 3ffff170:  feefeffe feefeffe feefeffe feefeffe  
10:09:00.862 > 3ffff180:  feefeffe feefeffe feefeffe feefeffe  
10:09:00.868 > 3ffff190:  feefeffe feefeffe feefeffe feefeffe  
10:09:00.871 > 3ffff1a0:  feefeffe feefeffe feefeffe feefeffe  
10:09:00.877 > 3ffff1b0:  feefeffe feefeffe feefeffe feefeffe  
10:09:00.879 > 3ffff1c0:  feefeffe feefeffe feefeffe feefeffe  
10:09:00.886 > 3ffff1d0:  feefeffe feefeffe feefeffe feefeffe  
10:09:00.891 > 3ffff1e0:  feefeffe feefeffe feefeffe feefeffe  
10:09:00.894 > 3ffff1f0:  feefeffe feefeffe feefeffe feefeffe  
10:09:00.900 > 3ffff200:  feefeffe feefeffe feefeffe feefeffe  
10:09:00.903 > 3ffff210:  feefeffe feefeffe feefeffe feefeffe  
10:09:00.909 > 3ffff220:  feefeffe feefeffe feefeffe feefeffe  
10:09:00.912 > 3ffff230:  feefeffe feefeffe feefeffe feefeffe  
10:09:00.918 > 3ffff240:  feefeffe feefeffe feefeffe feefeffe  
10:09:00.921 > 3ffff250:  feefeffe feefeffe feefeffe feefeffe  
10:09:00.927 > 3ffff260:  feefeffe feefeffe feefeffe feefeffe  
10:09:00.930 > 3ffff270:  feefeffe feefeffe feefeffe feefeffe  
10:09:00.936 > 3ffff280:  feefeffe feefeffe feefeffe feefeffe  
10:09:00.939 > 3ffff290:  feefeffe feefeffe feefeffe feefeffe  
10:09:00.945 > 3ffff2a0:  feefeffe feefeffe feefeffe feefeffe  
10:09:00.948 > 3ffff2b0:  feefeffe feefeffe feefeffe feefeffe  
10:09:00.954 > 3ffff2c0:  feefeffe feefeffe feefeffe feefeffe  
10:09:00.959 > 3ffff2d0:  feefeffe feefeffe feefeffe feefeffe  
10:09:00.963 > 3ffff2e0:  feefeffe feefeffe feefeffe feefeffe  
10:09:00.969 > 3ffff2f0:  feefeffe feefeffe feefeffe feefeffe  
10:09:00.972 > 3ffff300:  feefeffe feefeffe feefeffe feefeffe  
10:09:00.977 > 3ffff310:  feefeffe feefeffe feefeffe feefeffe  
10:09:00.980 > 3ffff320:  feefeffe feefeffe feefeffe feefeffe  
10:09:00.986 > 3ffff330:  feefeffe feefeffe feefeffe feefeffe  
10:09:00.989 > 3ffff340:  feefeffe feefeffe feefeffe feefeffe  
10:09:00.995 > 3ffff350:  feefeffe feefeffe feefeffe feefeffe  
10:09:00.998 > 3ffff360:  feefeffe feefeffe feefeffe feefeffe  
10:09:01.004 > 3ffff370:  feefeffe feefeffe feefeffe feefeffe  
10:09:01.007 > 3ffff380:  feefeffe feefeffe feefeffe feefeffe  
10:09:01.013 > 3ffff390:  feefeffe feefeffe feefeffe feefeffe  
10:09:01.016 > 3ffff3a0:  feefeffe feefeffe feefeffe feefeffe  
10:09:01.022 > 3ffff3b0:  feefeffe feefeffe feefeffe feefeffe  
10:09:01.025 > 3ffff3c0:  feefeffe feefeffe feefeffe feefeffe  
10:09:01.031 > 3ffff3d0:  feefeffe feefeffe feefeffe feefeffe  
10:09:01.037 > 3ffff3e0:  feefeffe feefeffe feefeffe feefeffe  
10:09:01.040 > 3ffff3f0:  feefeffe feefeffe feefeffe feefeffe  
10:09:01.046 > 3ffff400:  feefeffe feefeffe feefeffe feefeffe  
10:09:01.049 > 3ffff410:  feefeffe feefeffe feefeffe feefeffe  
10:09:01.055 > 3ffff420:  feefeffe feefeffe feefeffe feefeffe  
10:09:01.058 > 3ffff430:  feefeffe feefeffe feefeffe feefeffe  
10:09:01.063 > 3ffff440:  feefeffe feefeffe feefeffe feefeffe  
10:09:01.067 > 3ffff450:  feefeffe feefeffe feefeffe feefeffe  
10:09:01.072 > 3ffff460:  feefeffe feefeffe feefeffe feefeffe  
10:09:01.076 > 3ffff470:  feefeffe feefeffe feefeffe feefeffe  
10:09:01.081 > 3ffff480:  feefeffe feefeffe feefeffe feefeffe  
10:09:01.084 > 3ffff490:  feefeffe feefeffe feefeffe feefeffe  
10:09:01.090 > 3ffff4a0:  feefeffe feefeffe feefeffe feefeffe  
10:09:01.093 > 3ffff4b0:  feefeffe feefeffe feefeffe feefeffe  
10:09:01.099 > 3ffff4c0:  feefeffe feefeffe feefeffe feefeffe  
10:09:01.105 > 3ffff4d0:  feefeffe feefeffe feefeffe feefeffe  
10:09:01.108 > 3ffff4e0:  feefeffe feefeffe feefeffe feefeffe  
10:09:01.114 > 3ffff4f0:  feefeffe feefeffe feefeffe feefeffe  
10:09:01.117 > 3ffff500:  feefeffe feefeffe feefeffe feefeffe  
10:09:01.123 > 3ffff510:  feefeffe feefeffe feefeffe feefeffe  
10:09:01.126 > 3ffff520:  feefeffe feefeffe feefeffe feefeffe  
10:09:01.132 > 3ffff530:  feefeffe feefeffe feefeffe feefeffe  
10:09:01.135 > 3ffff540:  feefeffe feefeffe feefeffe feefeffe  
10:09:01.141 > 3ffff550:  feefeffe feefeffe feefeffe feefeffe  
10:09:01.144 > 3ffff560:  feefeffe feefeffe feefeffe feefeffe  
10:09:01.150 > 3ffff570:  feefeffe feefeffe feefeffe feefeffe  
10:09:01.153 > 3ffff580:  feefeffe feefeffe feefeffe feefeffe  
10:09:01.159 > 3ffff590:  feefeffe feefeffe feefeffe feefeffe  
10:09:01.162 > 3ffff5a0:  feefeffe feefeffe feefeffe feefeffe  
10:09:01.167 > 3ffff5b0:  feefeffe feefeffe feefeffe feefeffe  
10:09:01.170 > 3ffff5c0:  feefeffe feefeffe feefeffe feefeffe  
10:09:01.176 > 3ffff5d0:  feefeffe feefeffe feefeffe feefeffe  
10:09:01.182 > 3ffff5e0:  feefeffe feefeffe feefeffe feefeffe  
10:09:01.185 > 3ffff5f0:  feefeffe feefeffe feefeffe feefeffe  
10:09:01.191 > 3ffff600:  feefeffe feefeffe feefeffe feefeffe  
10:09:01.194 > 3ffff610:  feefeffe feefeffe feefeffe feefeffe  
10:09:01.200 > 3ffff620:  feefeffe feefeffe feefeffe feefeffe  
10:09:01.203 > 3ffff630:  feefeffe feefeffe feefeffe feefeffe  
10:09:01.209 > 3ffff640:  feefeffe feefeffe feefeffe feefeffe  
10:09:01.212 > 3ffff650:  feefeffe feefeffe feefeffe feefeffe  
10:09:01.218 > 3ffff660:  feefeffe feefeffe feefeffe feefeffe  
10:09:01.221 > 3ffff670:  feefeffe feefeffe feefeffe feefeffe  
10:09:01.227 > 3ffff680:  feefeffe feefeffe feefeffe feefeffe  
10:09:01.230 > 3ffff690:  feefeffe feefeffe feefeffe feefeffe  
10:09:01.236 > 3ffff6a0:  feefeffe feefeffe feefeffe feefeffe  
10:09:01.239 > 3ffff6b0:  feefeffe feefeffe feefeffe feefeffe  
10:09:01.245 > 3ffff6c0:  feefeffe feefeffe feefeffe feefeffe  
10:09:01.250 > 3ffff6d0:  feefeffe feefeffe feefeffe feefeffe  
10:09:01.254 > 3ffff6e0:  feefeffe feefeffe feefeffe feefeffe  
10:09:01.259 > 3ffff6f0:  feefeffe feefeffe feefeffe feefeffe  
10:09:01.262 > 3ffff700:  feefeffe feefeffe feefeffe feefeffe  
10:09:01.268 > 3ffff710:  feefeffe feefeffe feefeffe feefeffe  
10:09:01.271 > 3ffff720:  feefeffe feefeffe feefeffe feefeffe  
10:09:01.277 > 3ffff730:  feefeffe feefeffe feefeffe feefeffe  
10:09:01.280 > 3ffff740:  feefeffe feefeffe feefeffe feefeffe  
10:09:01.286 > 3ffff750:  feefeffe feefeffe feefeffe feefeffe  
10:09:01.289 > 3ffff760:  feefeffe feefeffe feefeffe feefeffe  
10:09:01.295 > 3ffff770:  feefeffe feefeffe feefeffe feefeffe  
10:09:01.298 > 3ffff780:  feefeffe feefeffe feefeffe feefeffe  
10:09:01.304 > 3ffff790:  feefeffe feefeffe feefeffe feefeffe  
10:09:01.307 > 3ffff7a0:  feefeffe feefeffe feefeffe feefeffe  
10:09:01.313 > 3ffff7b0:  feefeffe feefeffe feefeffe feefeffe  
10:09:01.316 > 3ffff7c0:  feefeffe feefeffe feefeffe feefeffe  
10:09:01.322 > 3ffff7d0:  feefeffe feefeffe feefeffe feefeffe  
10:09:01.328 > 3ffff7e0:  feefeffe feefeffe feefeffe feefeffe  
10:09:01.331 > 3ffff7f0:  feefeffe feefeffe feefeffe feefeffe  
10:09:01.336 > 3ffff800:  feefeffe feefeffe feefeffe feefeffe  
10:09:01.340 > 3ffff810:  feefeffe feefeffe feefeffe feefeffe  
10:09:01.345 > 3ffff820:  feefeffe feefeffe feefeffe feefeffe  
10:09:01.348 > 3ffff830:  feefeffe feefeffe feefeffe feefeffe  
10:09:01.354 > 3ffff840:  feefeffe feefeffe feefeffe feefeffe  
10:09:01.357 > 3ffff850:  feefeffe feefeffe feefeffe feefeffe  
10:09:01.363 > 3ffff860:  feefeffe feefeffe feefeffe feefeffe  
10:09:01.366 > 3ffff870:  feefeffe feefeffe feefeffe feefeffe  
10:09:01.372 > 3ffff880:  feefeffe feefeffe feefeffe feefeffe  
10:09:01.375 > 3ffff890:  feefeffe feefeffe feefeffe feefeffe  
10:09:01.381 > 3ffff8a0:  feefeffe feefeffe feefeffe feefeffe  
10:09:01.384 > 3ffff8b0:  feefeffe feefeffe feefeffe feefeffe  
10:09:01.390 > 3ffff8c0:  feefeffe feefeffe feefeffe feefeffe  
10:09:01.396 > 3ffff8d0:  feefeffe feefeffe feefeffe feefeffe  
10:09:01.399 > 3ffff8e0:  feefeffe feefeffe feefeffe feefeffe  
10:09:01.405 > 3ffff8f0:  feefeffe feefeffe feefeffe feefeffe  
10:09:01.408 > 3ffff900:  feefeffe feefeffe feefeffe feefeffe  
10:09:01.414 > 3ffff910:  feefeffe feefeffe feefeffe feefeffe  
10:09:01.417 > 3ffff920:  feefeffe feefeffe feefeffe feefeffe  
10:09:01.422 > 3ffff930:  feefeffe feefeffe feefeffe feefeffe  
10:09:01.426 > 3ffff940:  feefeffe feefeffe feefeffe feefeffe  
10:09:01.431 > 3ffff950:  feefeffe feefeffe feefeffe feefeffe  
10:09:01.435 > 3ffff960:  feefeffe feefeffe feefeffe feefeffe  
10:09:01.441 > 3ffff970:  feefeffe feefeffe feefeffe feefeffe  
10:09:01.443 > 3ffff980:  feefeffe feefeffe feefeffe feefeffe  
10:09:01.449 > 3ffff990:  feefeffe feefeffe feefeffe feefeffe  
10:09:01.452 > 3ffff9a0:  feefeffe feefeffe feefeffe feefeffe  
10:09:01.458 > 3ffff9b0:  feefeffe feefeffe feefeffe feefeffe  
10:09:01.461 > 3ffff9c0:  feefeffe feefeffe feefeffe feefeffe  
10:09:01.467 > 3ffff9d0:  feefeffe feefeffe feefeffe feefeffe  
10:09:01.473 > 3ffff9e0:  feefeffe feefeffe feefeffe feefeffe  
10:09:01.476 > 3ffff9f0:  feefeffe feefeffe feefeffe feefeffe  
10:09:01.482 > 3ffffa00:  feefeffe feefeffe feefeffe feefeffe  
10:09:01.485 > 3ffffa10:  feefeffe feefeffe feefeffe feefeffe  
10:09:01.491 > 3ffffa20:  feefeffe feefeffe feefeffe feefeffe  
10:09:01.494 > 3ffffa30:  feefeffe feefeffe feefeffe feefeffe  
10:09:01.500 > 3ffffa40:  00000000 00000000 feefeffe 000000fe  
10:09:01.503 > 3ffffa50:  00000035 00000001 401046b9 3ffed320  
10:09:01.508 > 3ffffa60:  00001030 00000206 00000206 40100708  
10:09:01.511 > 3ffffa70:  000013e8 feefeffe 4022f67b 00000001  
10:09:01.517 > 3ffffa80:  ffffffff 00000000 3ffe92f1 00000000  
10:09:01.520 > 3ffffa90:  00000020 0000027d 3fff059c 40100b81  
10:09:01.525 > 3ffffaa0:  00000020 00000024 00000020 00000009  
10:09:01.528 > 3ffffab0:  00000005 00000004 00000000 40100a11  
10:09:01.534 > 3ffffac0:  3ffe91a2 4022e787 3ffec910 0000001f  
10:09:01.539 > 3ffffad0:  0000001f 00000040 3fffff10 402087b6  
10:09:01.543 > 3ffffae0:  00000000 00000002 4022f67b 00000001  
10:09:01.548 > 3ffffaf0:  ffffffff 00000000 3ffe92f1 00000008  
10:09:01.551 > 3ffffb00:  4022f6ca 3ffec938 3ffef2ec 00000001  
10:09:01.557 > 3ffffb10:  00000002 00000000 00000020 401001e0  
10:09:01.560 > 3ffffb20:  00000005 00000005 00000002 401014b4  
10:09:01.566 > 3ffffb30:  3ffe91a2 4022e787 3ffec938 00000020  
10:09:01.568 > 3ffffb40:  00000000 40221d23 3ffeddc8 3ffef2ec  
10:09:01.574 > 3ffffb50:  00000000 00000002 00000000 3ffec938  
10:09:01.577 > 3ffffb60:  3fff096a 40104d9b 3fff04cc 3ffeece8  
10:09:01.583 > 3ffffb70:  3ffefa7c 3ffffb92 00000000 3ffffc20  
10:09:01.586 > 3ffffb80:  3ffffba3 40213159 3fff04cc 3ffeece8  
10:09:01.592 > 3ffffb90:  0000001c 0000005a 3fffff10 402088cb  
10:09:01.595 > 3ffffba0:  0000005a 3fff3032 3ffffc20 00000000  
10:09:01.601 > 3ffffbb0:  3ffef0d4 3ffef09c 3fff0934 402133e6  
10:09:01.603 > 3ffffbc0:  00000001 3ffef09c 3fff0934 40213800  
10:09:01.609 > 3ffffbd0:  3ffeef64 3ffffc20 3ffffc20 3ffffe70  
10:09:01.615 > 3ffffbe0:  ffffff80 3ffffcb0 3fffff10 3ffeef68  
10:09:01.618 > 3ffffbf0:  3ffef0d4 00000000 3ffef09c 4021af2c  
10:09:01.624 > 3ffffc00:  00000002 00000000 3ffffc20 40201030  
10:09:01.627 > 3ffffc10:  00000000 3fff0934 0000005a 4020193c  
10:09:01.633 > 3ffffc20:  3fffff10 2c657572 20200a0d 3fff0934  
10:09:01.636 > 3ffffc30:  3fff0934 3fff0878 3ffef09c 4021b180  
10:09:01.641 > 3ffffc40:  3ffe0000 00000000 00007d0a 4020ac0d  
10:09:01.644 > 3ffffc50:  3fff0978 3fff0878 3ffef09c 4021c970  
10:09:01.650 > 3ffffc60:  40207ca0 3ffeeb7c 3ffe88df 40207cac  
10:09:01.653 > 3ffffc70:  00000014 3fff0874 000000ff 00000000  
10:09:01.659 > 3ffffc80:  00000006 3ffef058 3ffeeb7c 402080d4  
10:09:01.662 > 3ffffc90:  00001680 40208b00 3ffffe20 3fff0874  
10:09:01.668 > 3ffffca0:  3fff05cc 3ffef09c 00000000 4021c9b8  
10:09:01.671 > 3ffffcb0:  3ffef09c 00000000 00000000 3ffef09c  
10:09:01.676 > 3ffffcc0:  00000064 0000005a 00000000 4021c9de  
10:09:01.682 > 3ffffcd0:  3ffef09c 00000000 00000000 4021d577  
10:09:01.685 > 3ffffce0:  00001648 000002c9 00000008 40218abe  
10:09:01.691 > 3ffffcf0:  3ffef09c 3fff07c4 3fff05ac 40217da9  
10:09:01.694 > 3ffffd00:  000015e8 000002bd 000002bd 40100708  
10:09:01.699 > 3ffffd10:  007a1200 685f8729 000d6300 3ffeeb34  
10:09:01.702 > 3ffffd20:  0000001c 3fff079c 00000020 40100993  
10:09:01.708 > 3ffffd30:  40104eb1 000d669f 00000001 3ffeeb34  
10:09:01.711 > 3ffffd40:  40104fdd 3ffeec54 3fff079c 40213011  
10:09:01.717 > 3ffffd50:  4020a171 3fff079c 3fff079c 402032da  
10:09:01.720 > 3ffffd60:  00000000 3fff079c 3fff05ac 402038a2  
10:09:01.725 > 3ffffd70:  00002328 3ffeeb34 3ffffea8 3ffe887b  
10:09:01.728 > 3ffffd80:  00000000 40206bff 00000020 3ffe887b  
10:09:01.734 > 3ffffd90:  4020378c 00002328 3fff05ac 40202e41  
10:09:01.737 > 3ffffda0:  4020cd30 2901a8c0 4020cd30 2901a8c0  
10:09:01.743 > 3ffffdb0:  3fff0834 00000000 3ffffdd0 40206bff  
10:09:01.746 > 3ffffdc0:  3fff05ac 3ffffe7c 3ffffe70 40206f51  
10:09:01.752 > 3ffffdd0:  00000000 ffffffff 3ffffe70 4020c76c  
10:09:01.758 > 3ffffde0:  3ffe88df 00000001 ffffffff 402071d6  
10:09:01.761 > 3ffffdf0:  00000000 0000005a 3ffffe70 40207a15  
10:09:01.766 > 3ffffe00:  000013f8 0000027f 0000027f 40100708  
10:09:01.769 > 3ffffe10:  3ffffe00 80000029 6e6e6f00 3ffeebf8  
10:09:01.775 > 3ffffe20:  40105135 00253b10 3ffeec54 00000000  
10:09:01.778 > 3ffffe30:  3ffee4b0 3ffeec54 00001388 3ffeec54  
10:09:01.784 > 3ffffe40:  4102e148 3ffeebf8 402099b0 3fffefa0  
10:09:01.787 > 3ffffe50:  3ffeec54 4102e148 3ffeebf8 4020a166  
10:09:01.793 > 3ffffe60:  4102e148 3fffff90 3fffff30 40202064  
10:09:01.796 > 3ffffe70:  3fff00f4 3fff05ac 3fff05ac 3fff0834  
10:09:01.802 > 3ffffe80:  000c000f 00000020 3f012328 40001388  
10:09:01.805 > 3ffffe90:  3fff084c 0011001f 00feeac8 70747468  
10:09:01.810 > 3ffffea0:  00000000 84ff0674 3fff07fc 0020002f  
10:09:01.813 > 3ffffeb0:  00000e88 3fff0584 0011001f 00feebf8  
10:09:01.819 > 3ffffec0:  3fff0000 00000018 80ffff30 00000000  
10:09:01.825 > 3ffffed0:  00000000 00000000 ffffffff 00000000  
10:09:01.828 > 3ffffee0:  4020000a 00000000 3fffff30 80208914  
10:09:01.833 > 3ffffef0:  00000000 00000000 3fff0700 0010001f  
10:09:01.836 > 3fffff00:  80ffdad0 3fff0500 000c000f 80208b30  
10:09:01.842 > 3fffff10:  3fff0734 005a005f 00202220 40201d29  
10:09:01.845 > 3fffff20:  3fffdad0 00000000 3ffeeb7c 40201da5  
10:09:01.851 > 3fffff30:  3fff0094 0018001f 00efeffe 3fff0000  
10:09:01.854 > 3fffff40:  000c000f 80efeffe 3fff0100 000c000f  
10:09:01.860 > 3fffff50:  80efeffe 3fff0000 0018001f 80efeffe  
10:09:01.863 > 3fffff60:  79616873 00326e61 87efeffe 3fff011c  
10:09:01.869 > 3fffff70:  000c000f 00efeffe 3fff0404 000c000f  
10:09:01.872 > 3fffff80:  00efeffe 3fff0014 0018001f 00efeffe  
10:09:01.877 > 3fffff90:  3fff003c 000c000f 00efeffe feefeffe  
10:09:01.880 > 3fffffa0:  feefeffe feefeffe 3ffeebb8 40209ac0  
10:09:01.888 > <<<stack<<<
10:09:01.888 > 
10:09:01.899 >  ets Jan  8 2013,rst cause:2, boot mode:(3,6)
10:09:01.901 > 
10:09:01.901 > load 0x4010f000, len 1392, room 16 
10:09:01.905 > tail 0
10:09:01.905 > chksum 0xd0
10:09:01.908 > csum 0xd0
10:09:01.908 > v3d128e5c
10:09:01.911 > ~ld
10:09:01.911 > 
10:09:01.975 > Connecting....
10:09:03.980 > Connected, IP address: 192.168.1.45
10:09:03.982 > {
10:09:04.081 >   "Ip": "192.168.1.45",
10:09:04.081 >   "Humidity": 0,
10:09:04.084 >   "NeedWater": false,
10:09:04.087 >   "Threshhold": 120
10:09:04.087 > }
10:09:04.087 > -1
10:09:04.090 > routing
10:09:04.090 > 8.32
10:09:04.198 > {
10:09:04.198 >   "Ip": "192.168.1.45",
10:09:04.200 >   "Humidity": 8,
10:09:04.200 >   "NeedWater": true,
10:09:04.203 >   "Threshhold": 120
10:09:04.203 > }
10:09:04.205 > 8.32
10:09:09.320 > {
10:09:09.320 >   "Ip": "192.168.1.45",
10:09:09.322 >   "Humidity": 8,
10:09:09.322 >   "NeedWater": true,
10:09:09.325 >   "Threshhold": 120
10:09:09.325 > }
10:09:09.327 > 8.40
10:09:14.447 > {
10:09:14.447 >   "Ip": "192.168.1.45",
10:09:14.449 >   "Humidity": 8,
10:09:14.449 >   "NeedWater": true,
10:09:14.452 >   "Threshhold": 120
10:09:14.452 > }
10:09:14.455 > 8.30
10:09:19.569 > {
10:09:19.569 >   "Ip": "192.168.1.45",
10:09:19.572 >   "Humidity": 8,
10:09:19.572 >   "NeedWater": true,
10:09:19.575 >   "Threshhold": 120
10:09:19.575 > }
10:09:19.577 > 8.40
10:09:24.854 > {
10:09:24.854 >   "Ip": "192.168.1.45",
10:09:24.856 >   "Humidity": 8,
10:09:24.856 >   "NeedWater": true,
10:09:24.859 >   "Threshhold": 120
10:09:24.859 > }
10:09:24.861 > 8.50
10:09:30.179 > {
10:09:30.179 >   "Ip": "192.168.1.45",
10:09:30.182 >   "Humidity": 8,
10:09:30.182 >   "NeedWater": true,
10:09:30.185 >   "Threshhold": 120
10:09:30.185 > }
10:09:30.187 > 8.94
10:09:35.503 > {
10:09:35.503 >   "Ip": "192.168.1.45",
10:09:35.505 >   "Humidity": 8,
10:09:35.505 >   "NeedWater": true,
10:09:35.508 >   "Threshhold": 120
10:09:35.508 > }
10:09:35.510 > 8.33
10:09:40.831 > {
10:09:40.831 >   "Ip": "192.168.1.45",
10:09:40.834 >   "Humidity": 8,
10:09:40.834 >   "NeedWater": true,
10:09:40.837 >   "Threshhold": 120
10:09:40.837 > }
10:09:40.839 > 165.68
10:09:46.156 > {
10:09:46.156 >   "Ip": "192.168.1.45",
10:09:46.158 >   "Humidity": 165,
10:09:46.158 >   "NeedWater": false,
10:09:46.161 >   "Threshhold": 120
10:09:46.164 > }
10:09:46.164 > 8.35
10:09:51.281 > {
10:09:51.281 >   "Ip": "192.168.1.45",
10:09:51.283 >   "Humidity": 8,
10:09:51.283 >   "NeedWater": true,
10:09:51.286 >   "Threshhold": 120
10:09:51.286 > }
10:09:51.288 > 8.35
10:09:56.403 > {
10:09:56.403 >   "Ip": "192.168.1.45",
10:09:56.406 >   "Humidity": 8,
10:09:56.406 >   "NeedWater": true,
10:09:56.409 >   "Threshhold": 120
10:09:56.409 > }
10:09:56.411 > 8.45
10:10:01.765 > {
10:10:01.765 >   "Ip": "192.168.1.45",
10:10:01.768 >   "Humidity": 8,
10:10:01.768 >   "NeedWater": true,
10:10:01.771 >   "Threshhold": 120
10:10:01.771 > }
10:10:01.773 > 8.39
10:10:07.044 > {
10:10:07.044 >   "Ip": "192.168.1.45",
10:10:07.047 >   "Humidity": 8,
10:10:07.047 >   "NeedWater": true,
10:10:07.049 >   "Threshhold": 120
10:10:07.049 > }
10:10:07.051 > 8.37
10:10:12.268 > {
10:10:12.268 >   "Ip": "192.168.1.45",
10:10:12.271 >   "Humidity": 8,
10:10:12.271 >   "NeedWater": true,
10:10:12.274 >   "Threshhold": 120
10:10:12.274 > }
10:10:12.275 > 8.35
10:10:17.592 > {
10:10:17.592 >   "Ip": "192.168.1.45",
10:10:17.594 >   "Humidity": 8,
10:10:17.594 >   "NeedWater": true,
10:10:17.597 >   "Threshhold": 120
10:10:17.597 > }
10:10:17.599 > 8.46
10:10:22.829 > {
10:10:22.829 >   "Ip": "192.168.1.45",
10:10:22.831 >   "Humidity": 8,
10:10:22.831 >   "NeedWater": true,
10:10:22.834 >   "Threshhold": 120
10:10:22.834 > }
10:10:22.836 > 8.32
10:10:28.135 > {
10:10:28.135 >   "Ip": "192.168.1.45",
10:10:28.137 >   "Humidity": 8,
10:10:28.137 >   "NeedWater": true,
10:10:28.140 >   "Threshhold": 120
10:10:28.140 > }
10:10:28.142 > 8.39
10:10:33.360 > {
10:10:33.360 >   "Ip": "192.168.1.45",
10:10:33.363 >   "Humidity": 8,
10:10:33.363 >   "NeedWater": true,
10:10:33.366 >   "Threshhold": 120
10:10:33.366 > }
10:10:33.368 > 8.32
10:10:38.479 > {
10:10:38.479 >   "Ip": "192.168.1.45",
10:10:38.482 >   "Humidity": 8,
10:10:38.482 >   "NeedWater": true,
10:10:38.485 >   "Threshhold": 120
10:10:38.485 > }
10:10:38.487 > 8.33
10:10:43.821 > {
10:10:43.821 >   "Ip": "192.168.1.45",
10:10:43.824 >   "Humidity": 8,
10:10:43.824 >   "NeedWater": true,
10:10:43.827 >   "Threshhold": 120
10:10:43.827 > }
10:10:43.829 > 8.26
10:10:49.123 > {
10:10:49.123 >   "Ip": "192.168.1.45",
10:10:49.126 >   "Humidity": 8,
10:10:49.126 >   "NeedWater": true,
10:10:49.129 >   "Threshhold": 120
10:10:49.129 > }
10:10:49.131 > 8.25
10:10:54.247 > {
10:10:54.247 >   "Ip": "192.168.1.45",
10:10:54.250 >   "Humidity": 8,
10:10:54.250 >   "NeedWater": true,
10:10:54.252 >   "Threshhold": 120
10:10:54.252 > }
10:10:54.254 > 8.38
10:10:59.572 > {
10:10:59.572 >   "Ip": "192.168.1.45",
10:10:59.575 >   "Humidity": 8,
10:10:59.575 >   "NeedWater": true,
10:10:59.577 >   "Threshhold": 120
10:10:59.577 > }
10:10:59.579 > 8.49
10:11:04.815 > {
10:11:04.815 >   "Ip": "192.168.1.45",
10:11:04.817 >   "Humidity": 8,
10:11:04.817 >   "NeedWater": true,
10:11:04.820 >   "Threshhold": 120
10:11:04.820 > }
10:11:04.822 > 8.43
10:11:10.114 > {
10:11:10.114 >   "Ip": "192.168.1.45",
10:11:10.117 >   "Humidity": 8,
10:11:10.117 >   "NeedWater": true,
10:11:10.119 >   "Threshhold": 120
10:11:10.119 > }
10:11:10.122 > 8.35
10:11:15.338 > {
10:11:15.338 >   "Ip": "192.168.1.45",
10:11:15.340 >   "Humidity": 8,
10:11:15.340 >   "NeedWater": true,
10:11:15.343 >   "Threshhold": 120
10:11:15.343 > }
10:11:15.345 > 8.34
10:11:20.659 > {
10:11:20.659 >   "Ip": "192.168.1.45",
10:11:20.662 >   "Humidity": 8,
10:11:20.662 >   "NeedWater": true,
10:11:20.664 >   "Threshhold": 120
10:11:20.664 > }
10:11:20.667 > 8.85
10:11:25.983 > {
10:11:25.983 >   "Ip": "192.168.1.45",
10:11:25.986 >   "Humidity": 8,
10:11:25.986 >   "NeedWater": true,
10:11:25.988 >   "Threshhold": 120
10:11:25.988 > }
10:11:25.991 > 8.39
10:11:31.304 > {
10:11:31.304 >   "Ip": "192.168.1.45",
10:11:31.306 >   "Humidity": 8,
10:11:31.306 >   "NeedWater": true,
10:11:31.310 >   "Threshhold": 120
10:11:31.310 > }
10:11:31.311 > 8.76
10:11:36.560 > {
10:11:36.560 >   "Ip": "192.168.1.45",
10:11:36.563 >   "Humidity": 8,
10:11:36.563 >   "NeedWater": true,
10:11:36.566 >   "Threshhold": 120
10:11:36.566 > }
10:11:36.568 > 10.22
10:11:41.852 > {
10:11:41.852 >   "Ip": "192.168.1.45",
10:11:41.855 >   "Humidity": 10,
10:11:41.855 >   "NeedWater": true,
10:11:41.858 >   "Threshhold": 120
10:11:41.859 > }
10:11:41.860 > 18.61
10:11:47.175 > {
10:11:47.175 >   "Ip": "192.168.1.45",
10:11:47.178 >   "Humidity": 18,
10:11:47.178 >   "NeedWater": true,
10:11:47.180 >   "Threshhold": 120
10:11:47.182 > }
10:11:47.183 > 8.37
10:11:52.497 > {
10:11:52.497 >   "Ip": "192.168.1.45",
10:11:52.500 >   "Humidity": 8,
10:11:52.500 >   "NeedWater": true,
10:11:52.502 >   "Threshhold": 120
10:11:52.502 > }
10:11:52.504 > 10.35
10:11:57.619 > {
10:11:57.619 >   "Ip": "192.168.1.45",
10:11:57.622 >   "Humidity": 10,
10:11:57.622 >   "NeedWater": true,
10:11:57.624 >   "Threshhold": 120
10:11:57.626 > }
10:11:57.627 > 12.64
10:12:02.968 > {
10:12:02.968 >   "Ip": "192.168.1.45",
10:12:02.971 >   "Humidity": 12,
10:12:02.971 >   "NeedWater": true,
10:12:02.973 >   "Threshhold": 120
10:12:02.975 > }
10:12:02.975 > 8.41
10:12:08.267 > {
10:12:08.267 >   "Ip": "192.168.1.45",
10:12:08.269 >   "Humidity": 8,
10:12:08.269 >   "NeedWater": true,
10:12:08.272 >   "Threshhold": 120
10:12:08.272 > }
10:12:08.274 > 8.34
10:12:13.394 > {
10:12:13.394 >   "Ip": "192.168.1.45",
10:12:13.396 >   "Humidity": 8,
10:12:13.396 >   "NeedWater": true,
10:12:13.399 >   "Threshhold": 120
10:12:13.399 > }
10:12:13.401 > 8.37
10:12:18.729 > {
10:12:18.729 >   "Ip": "192.168.1.45",
10:12:18.732 >   "Humidity": 8,
10:12:18.732 >   "NeedWater": true,
10:12:18.735 >   "Threshhold": 120
10:12:18.735 > }
10:12:18.737 > 8.30
10:12:24.032 > {
10:12:24.032 >   "Ip": "192.168.1.45",
10:12:24.035 >   "Humidity": 8,
10:12:24.035 >   "NeedWater": true,
10:12:24.038 >   "Threshhold": 120
10:12:24.038 > }
10:12:24.040 > 8.52
10:12:29.357 > {
10:12:29.357 >   "Ip": "192.168.1.45",
10:12:29.359 >   "Humidity": 8,
10:12:29.359 >   "NeedWater": true,
10:12:29.362 >   "Threshhold": 120
10:12:29.362 > }
10:12:29.364 > 8.61
10:12:34.683 > {
10:12:34.683 >   "Ip": "192.168.1.45",
10:12:34.686 >   "Humidity": 8,
10:12:34.686 >   "NeedWater": true,
10:12:34.689 >   "Threshhold": 120
10:12:34.689 > }
10:12:34.691 > 8.59
10:12:39.808 > {
10:12:39.808 >   "Ip": "192.168.1.45",
10:12:39.810 >   "Humidity": 8,
10:12:39.810 >   "NeedWater": true,
10:12:39.813 >   "Threshhold": 120
10:12:39.813 > }
10:12:39.815 > 8.49
10:12:45.125 > {
10:12:45.125 >   "Ip": "192.168.1.45",
10:12:45.128 >   "Humidity": 8,
10:12:45.128 >   "NeedWater": true,
10:12:45.131 >   "Threshhold": 120
10:12:45.131 > }
10:12:45.133 > 8.56
10:12:50.449 > {
10:12:50.449 >   "Ip": "192.168.1.45",
10:12:50.452 >   "Humidity": 8,
10:12:50.452 >   "NeedWater": true,
10:12:50.455 >   "Threshhold": 120
10:12:50.455 > }
10:12:50.457 > 